************************************************************************
Not in type system
 - DesignerSupport
 - QAbstractConcatenable
 - QAbstractMessageHandler
 - QAbstractNativeEventFilter
 - QAbstractNetworkCache
 - QAbstractSocket
 - QAbstractUriResolver
 - QAbstractXmlNodeModel
 - QAbstractXmlReceiver
 - QAccessible
 - QAccessibleEvent
 - QAccessibleInterface
 - QAccessibleObject
 - QAccessiblePlugin
 - QAccessibleStateChangeEvent
 - QAccessibleTableCellInterface
 - QAccessibleTableInterface
 - QAccessibleTableModelChangeEvent
 - QAccessibleTextCursorEvent
 - QAccessibleTextInsertEvent
 - QAccessibleTextRemoveEvent
 - QAccessibleTextSelectionEvent
 - QAccessibleTextUpdateEvent
 - QAccessibleValueChangeEvent
 - QAccessibleWidget
 - QAnimationDriver
 - QArrayData
 - QArrayDataOps
 - QArrayDataPointer
 - QArrayDataPointerRef
 - QArrayOpsSelector
 - QAtomicAdditiveType
 - QAtomicIntegerTraits
 - QAtomicOps
 - QAuthenticator
 - QBackingStore
 - QBasicAtomicInteger
 - QByteArrayDataPtr
 - QDeferredDeleteEvent
 - QDnsDomainNameRecord
 - QDnsHostAddressRecord
 - QDnsLookup
 - QDnsMailExchangeRecord
 - QDnsServiceRecord
 - QDnsTextRecord
 - QDomAttr
 - QDomCDATASection
 - QDomCharacterData
 - QDomComment
 - QDomDocument
 - QDomDocumentFragment
 - QDomDocumentType
 - QDomElement
 - QDomEntity
 - QDomEntityReference
 - QDomImplementation
 - QDomNamedNodeMap
 - QDomNode
 - QDomNodeList
 - QDomNotation
 - QDomProcessingInstruction
 - QDomText
 - QElapsedTimer
 - QEnterEvent
 - QEventLoopLocker
 - QException
 - QExposeEvent
 - QFactoryInterface
 - QFileDevice
 - QGLBuffer
 - QGLColormap
 - QGLContext
 - QGLFormat
 - QGLFramebufferObject
 - QGLFramebufferObjectFormat
 - QGLFunctions
 - QGLFunctionsPrivate
 - QGLPixelBuffer
 - QGLShader
 - QGLShaderProgram
 - QGLWidget
 - QGenericAtomicOps
 - QGenericPlugin
 - QGenericPluginFactory
 - QGestureEvent
 - QGestureRecognizer
 - QGlyphRun
 - QGraphicsSvgItem
 - QGraphicsWebView
 - QHostAddress
 - QHostInfo
 - QHttpMultiPart
 - QHttpPart
 - QIPv6Address
 - QIdentityProxyModel
 - QInputMethod
 - QInputMethodQueryEvent
 - QIntegerForSize>
 - QJSEngine
 - QJSValue
 - QJSValueIterator
 - QJsonArray
 - QJsonDocument
 - QJsonObject
 - QJsonParseError
 - QJsonValue
 - QJsonValueRef
 - QLocalServer
 - QLocalSocket
 - QMapDataBase
 - QMapNodeBase
 - QMessageLogContext
 - QMessageLogger
 - QMetaTypeIdQObject
 - QMimeDatabase
 - QMimeType
 - QNetworkAccessManager
 - QNetworkAddressEntry
 - QNetworkCacheMetaData
 - QNetworkConfiguration
 - QNetworkConfigurationManager
 - QNetworkCookie
 - QNetworkCookieJar
 - QNetworkDiskCache
 - QNetworkInterface
 - QNetworkProxy
 - QNetworkProxyFactory
 - QNetworkProxyQuery
 - QNetworkReply
 - QNetworkRequest
 - QNetworkSession
 - QOpenGLBuffer
 - QOpenGLContext
 - QOpenGLContextGroup
 - QOpenGLFramebufferObject
 - QOpenGLFramebufferObjectFormat
 - QOpenGLFunctions
 - QOpenGLFunctionsPrivate
 - QOpenGLPaintDevice
 - QOpenGLShader
 - QOpenGLShaderProgram
 - QPagedPaintDevice
 - QPainter::PixmapFragment
 - QPdfWriter
 - QPinchGesture
 - QPointerBase
 - QProxyStyle
 - QQmlComponent
 - QQmlContext
 - QQmlDebuggingEnabler
 - QQmlEngine
 - QQmlError
 - QQmlExpression
 - QQmlExtensionInterface
 - QQmlExtensionPlugin
 - QQmlFile
 - QQmlImageProviderBase
 - QQmlIncubationController
 - QQmlIncubator
 - QQmlInfo
 - QQmlListProperty
 - QQmlListReference
 - QQmlNetworkAccessManagerFactory
 - QQmlParserStatus
 - QQmlProperty
 - QQmlPropertyMap
 - QQmlPropertyValueSource
 - QQmlScriptString
 - QQmlTypeInfo
 - QQmlTypesExtensionInterface
 - QQuickImageProvider
 - QQuickItem
 - QQuickPaintedItem
 - QQuickTextureFactory
 - QQuickTransform
 - QQuickView
 - QQuickWindow
 - QRawFont
 - QRegularExpression
 - QRegularExpressionMatch
 - QRegularExpressionMatchIterator
 - QSGBasicGeometryNode
 - QSGClipNode
 - QSGDynamicTexture
 - QSGFlatColorMaterial
 - QSGGeometry
 - QSGGeometryNode
 - QSGMaterial
 - QSGMaterialShader
 - QSGMaterialType
 - QSGNode
 - QSGNodeVisitor
 - QSGOpacityNode
 - QSGOpaqueTextureMaterial
 - QSGRootNode
 - QSGSimpleMaterial
 - QSGSimpleMaterialComparableMaterial
 - QSGSimpleMaterialShader
 - QSGSimpleRectNode
 - QSGSimpleTextureNode
 - QSGTexture
 - QSGTextureMaterial
 - QSGTextureProvider
 - QSGTransformNode
 - QSGVertexColorMaterial
 - QScopedValueRollback
 - QScreen
 - QScreenOrientationChangeEvent
 - QScrollEvent
 - QScrollPrepareEvent
 - QScroller
 - QScrollerProperties
 - QSimpleXmlNodeModel
 - QSourceLocation
 - QSqlDatabase
 - QSqlDriver
 - QSqlDriverCreator
 - QSqlDriverCreatorBase
 - QSqlDriverPlugin
 - QSqlError
 - QSqlField
 - QSqlIndex
 - QSqlQuery
 - QSqlQueryModel
 - QSqlRecord
 - QSqlRelation
 - QSqlRelationalTableModel
 - QSqlResult
 - QSqlTableModel
 - QSslCertificate
 - QSslCertificateExtension
 - QSslCipher
 - QSslConfiguration
 - QSslError
 - QSslKey
 - QSslSocket
 - QStandardPaths
 - QStaticArrayData
 - QStaticAssertFailure
 - QStaticByteArrayData
 - QStaticPlugin
 - QStaticStringData
 - QStaticText
 - QStringBuilderBase
 - QStringBuilderCommon
 - QStringDataPtr
 - QStyleHints
 - QSurface
 - QSurfaceFormat
 - QSvgGenerator
 - QSvgRenderer
 - QSvgWidget
 - QTapAndHoldGesture
 - QTapGesture
 - QTcpServer
 - QTcpSocket
 - QTemporaryDir
 - QTouchDevice
 - QTypeInfoMerger
 - QTypedArrayData
 - QUdpSocket
 - QUiLoader
 - QUnhandledException
 - QUrlQuery
 - QUrlTwoFlags
 - QVector::AlignmentDummy
 - QWebDatabase
 - QWebElement
 - QWebElementCollection
 - QWebFrame
 - QWebHapticFeedbackPlayer
 - QWebHistory
 - QWebHistoryInterface
 - QWebHistoryItem
 - QWebHitTestResult
 - QWebInspector
 - QWebKitPlatformPlugin
 - QWebNotificationData
 - QWebNotificationPresenter
 - QWebPage
 - QWebPluginFactory
 - QWebSecurityOrigin
 - QWebSelectData
 - QWebSelectMethod
 - QWebSettings
 - QWebSpellChecker
 - QWebTouchModifier
 - QWebView
 - QWindow
 - QXmlAttributes
 - QXmlContentHandler
 - QXmlDTDHandler
 - QXmlDeclHandler
 - QXmlDefaultHandler
 - QXmlEntityResolver
 - QXmlErrorHandler
 - QXmlFormatter
 - QXmlInputSource
 - QXmlItem
 - QXmlLexicalHandler
 - QXmlLocator
 - QXmlName
 - QXmlNamePool
 - QXmlNamespaceSupport
 - QXmlNodeModelIndex
 - QXmlParseException
 - QXmlQuery
 - QXmlReader
 - QXmlResultItems
 - QXmlSchema
 - QXmlSchemaValidator
 - QXmlSerializer
 - QXmlSimpleReader
************************************************************************

************************************************************************
Generation disabled by type system
 - QAbstractEventDispatcher
 - QAbstractProxyModel
 - QAbstractTextDocumentLayout
 - QAbstractUndoItem
 - QAccessible2
 - QAccessibleActionInterface
 - QAccessibleApplication
 - QAccessibleBridge
 - QAccessibleBridgePlugin
 - QAccessibleEditableTextInterface
 - QAccessibleImageInterface
 - QAccessibleTextInterface
 - QAccessibleValueInterface
 - QAlgorithmsPrivate
 - QAtomicInt
 - QAtomicPointer
 - QBasicAtomicPointer
 - QBitRef
 - QBrushData
 - QByteArrayMatcher::Data
 - QCache
 - QChar
 - QCharRef
 - QColormap
 - QConcatenable
 - QContiguousCache
 - QContiguousCacheData
 - QContiguousCacheTypedData
 - QDataStream
 - QDebug
 - QDirModel
 - QExplicitlySharedDataPointer
 - QFileSystemModel
 - QFlag
 - QFlags
 - QFontDatabase
 - QForeachContainer
 - QForeachContainerBase
 - QFuture::const_iterator
 - QFutureInterface
 - QFutureInterfaceBase
 - QFutureSynchronizer
 - QFutureWatcherBase
 - QGenericMatrix
 - QGlobalStatic
 - QGlobalStaticDeleter
 - QHash
 - QHashData
 - QHashDummyNode
 - QHashDummyValue
 - QHashIterator
 - QHashNode
 - QIconEngine
 - QIconEnginePlugin
 - QIncompatibleFlag
 - QInputMethodEvent
 - QIntegerForSizeof
 - QInternal
 - QItemEditorCreator
 - QLatin1Char
 - QLatin1String
 - QLibrary
 - QLinkedList
 - QLinkedListData
 - QLinkedListIterator
 - QLinkedListNode
 - QList::Node
 - QList::const_iterator
 - QList::iterator
 - QListData
 - QListIterator
 - QMap
 - QMapData
 - QMapIterator
 - QMapNode
 - QMdi
 - QMetaClassInfo
 - QMetaEnum
 - QMetaMethod
 - QMetaProperty
 - QMetaType
 - QMetaTypeId
 - QMetaTypeId2
 - QMultiHash
 - QMultiMap
 - QMutableHashIterator
 - QMutableLinkedListIterator
 - QMutableListIterator
 - QMutableMapIterator
 - QMutableSetIterator
 - QMutableVectorIterator
 - QMutexLocker
 - QNoDebug
 - QObjectCleanupHandler
 - QObjectData
 - QObjectUserData
 - QPainterPath::Element
 - QPluginLoader
 - QPointer
 - QPrinterInfo
 - QReadLocker
 - QRegion::QRegionData
 - QResource
 - QScopedArrayPointer
 - QScopedPointer
 - QScopedPointerArrayDeleter
 - QScopedPointerDeleter
 - QScopedPointerPodDeleter
 - QSet
 - QSetIterator
 - QSharedData
 - QSharedDataPointer
 - QSharedMemory
 - QSharedPointer
 - QSortFilterProxyModel
 - QStack
 - QStandardItemEditorCreator
 - QString
 - QStringBuilder
 - QStringMatcher::Data
 - QStringRef
 - QSysInfo
 - QTextBlock::iterator
 - QTextCodec::ConverterState
 - QTextFrame::iterator
 - QTextFrameLayoutData
 - QTextLayout::FormatRange
 - QTextObjectInterface
 - QTextOption
 - QTextStreamManipulator
 - QThread
 - QThreadStorage
 - QThreadStorageData
 - QTreeWidgetItemIterator
 - QTypeInfo
 - QVarLengthArray
 - QVariant
 - QVariantComparisonHelper
 - QVectorIterator
 - QWeakPointer
 - QWidgetData
 - QWidgetItemV2
 - QWriteLocker
 - QXmlStreamStringRef
 - QtPrivate
 - qGreater
 - qLess
 - std
************************************************************************

************************************************************************
Type redefined to not be a class
 - QByteRef
************************************************************************

************************************************************************
Unmatched argument type
************************************************************************

************************************************************************
Unmatched return type
************************************************************************

